<?xml version="1.0" encoding="UTF-8"?>
<!-- Generated by org.testng.reporters.JUnitReportReporter -->
<testsuite skipped="0" hostname="apples-MacBook-Pro.local" name="com.automation.DevOpsAssignment.AccountOverviewTest" tests="2" failures="0" timestamp="2021-03-28T11:40:18 IST" time="11.876" errors="0">
  <testcase name="verifyTableDataAndPrintOnConsole" time="5.360" classname="com.automation.DevOpsAssignment.AccountOverviewTest"/>
  <system-out/>
  <testcase name="verifyAccountOverview" time="6.516" classname="com.automation.DevOpsAssignment.AccountOverviewTest"/>
  <system-out/>
</testsuite> <!-- com.automation.DevOpsAssignment.AccountOverviewTest -->
