<?xml version="1.0" encoding="UTF-8"?>
<!-- Generated by org.testng.reporters.JUnitReportReporter -->
<testsuite skipped="0" hostname="apples-MacBook-Pro.local" name="com.automation.DevOpsAssignment.UserAccountTest" tests="2" failures="0" timestamp="2021-03-27T09:58:37 IST" time="35.263" errors="0">
  <testcase name="createNewAccount" time="32.472" classname="com.automation.DevOpsAssignment.UserAccountTest"/>
  <system-out/>
  <testcase name="verifyAccountServicesList" time="2.791" classname="com.automation.DevOpsAssignment.UserAccountTest"/>
  <system-out/>
</testsuite> <!-- com.automation.DevOpsAssignment.UserAccountTest -->
