<?xml version="1.0" encoding="UTF-8"?>
<!-- Generated by org.testng.reporters.JUnitReportReporter -->
<testsuite skipped="0" hostname="apples-MacBook-Pro.local" name="com.automation.DevOpsAssignment.UserAccountTest" tests="2" failures="0" timestamp="2021-03-29T09:18:50 IST" time="38.315" errors="0">
  <testcase name="verifyAccountServicesList" time="5.263" classname="com.automation.DevOpsAssignment.UserAccountTest"/>
  <system-out/>
  <testcase name="createNewAccount" time="33.052" classname="com.automation.DevOpsAssignment.UserAccountTest"/>
  <system-out/>
</testsuite> <!-- com.automation.DevOpsAssignment.UserAccountTest -->
