<?xml version="1.0" encoding="UTF-8"?>
<!-- Generated by org.testng.reporters.JUnitReportReporter -->
<testsuite skipped="0" hostname="apples-MacBook-Pro.local" name="com.automation.DevOpsAssignment.UserAccountTest" tests="2" failures="0" timestamp="2021-03-28T11:40:23 IST" time="14.123" errors="0">
  <testcase name="createNewAccount" time="8.828" classname="com.automation.DevOpsAssignment.UserAccountTest"/>
  <system-out/>
  <testcase name="verifyAccountServicesList" time="5.295" classname="com.automation.DevOpsAssignment.UserAccountTest"/>
  <system-out/>
</testsuite> <!-- com.automation.DevOpsAssignment.UserAccountTest -->
