<?xml version="1.0" encoding="UTF-8"?>
<!-- Generated by org.testng.reporters.JUnitReportReporter -->
<testsuite skipped="0" hostname="apples-MacBook-Pro.local" name="com.automation.DevOpsAssignment.UserAccountTest" tests="2" failures="0" timestamp="2021-03-28T11:35:59 IST" time="13.001" errors="0">
  <testcase name="createNewAccount" time="7.717" classname="com.automation.DevOpsAssignment.UserAccountTest"/>
  <system-out/>
  <testcase name="verifyAccountServicesList" time="5.284" classname="com.automation.DevOpsAssignment.UserAccountTest"/>
  <system-out/>
</testsuite> <!-- com.automation.DevOpsAssignment.UserAccountTest -->
