<?xml version="1.0" encoding="UTF-8"?>
<!-- Generated by org.testng.reporters.JUnitReportReporter -->
<testsuite skipped="0" hostname="apples-MacBook-Pro.local" name="com.automation.DevOpsAssignment.RegistrationTest" tests="1" failures="0" timestamp="2021-03-28T11:35:54 IST" time="12.864" errors="0">
  <testcase name="verifyUserRegistration" time="12.864" classname="com.automation.DevOpsAssignment.RegistrationTest"/>
  <system-out/>
</testsuite> <!-- com.automation.DevOpsAssignment.RegistrationTest -->
